237 [
  {
    coin_type: '0xe60c54467e4c094cee951fde4a018ce1504f3b0f09ed86e6c8d9811771c6b1f0::coin::T',
    transaction_timestamp: '2023-03-10T10:19:59',
    amount: 1000000000,
    activity_type: '0x1::coin::DepositEvent',
    event_index: 1,
    event_account_address: '0xfc5139e5df6314f10e6d5f8e8ca860599df21ad4a8fc7fb1e5696a5cf833a8d2',
    event_creation_number: 4,
    event_sequence_number: 0,
    block_height: 66728509,
    transaction_version: 460964910,
    is_transaction_success: true
  },
  {
    coin_type: '0xe60c54467e4c094cee951fde4a018ce1504f3b0f09ed86e6c8d9811771c6b1f0::coin::T',
    transaction_timestamp: '2023-03-24T14:21:56',
    amount: 50000000000,
    activity_type: '0x1::coin::DepositEvent',
    event_index: 0,
    event_account_address: '0xfc5139e5df6314f10e6d5f8e8ca860599df21ad4a8fc7fb1e5696a5cf833a8d2',
    event_creation_number: 4,
    event_sequence_number: 2,
    block_height: 70773007,
    transaction_version: 482126522,
    is_transaction_success: true
  },
  {
    coin_type: '0xe60c54467e4c094cee951fde4a018ce1504f3b0f09ed86e6c8d9811771c6b1f0::coin::T',
    transaction_timestamp: '2023-03-24T14:21:56',
    amount: 0,
    activity_type: '0x1::coin::DepositEvent',
    event_index: 1,
    event_account_address: '0xfc5139e5df6314f10e6d5f8e8ca860599df21ad4a8fc7fb1e5696a5cf833a8d2',
    event_creation_number: 4,
    event_sequence_number: 3,
    block_height: 70773007,
    transaction_version: 482126522,
    is_transaction_success: true
  },
  {
    coin_type: '0xe60c54467e4c094cee951fde4a018ce1504f3b0f09ed86e6c8d9811771c6b1f0::coin::T',
    transaction_timestamp: '2023-03-24T14:30:35',
    amount: 10000000000,
    activity_type: '0x1::coin::DepositEvent',
    event_index: 1,
    event_account_address: '0x9e6b0c8b2792c5237b83a67e0437089cd3191f64d516b44854f0b556ca55b9f4',
    event_creation_number: 4,
    event_sequence_number: 0,
    block_height: 70774506,
    transaction_version: 482130126,
    is_transaction_success: true
  },
  {
    coin_type: '0xe60c54467e4c094cee951fde4a018ce1504f3b0f09ed86e6c8d9811771c6b1f0::coin::T',
    transaction_timestamp: '2023-03-24T14:30:35',
    amount: 10000000000,
    activity_type: '0x1::coin::WithdrawEvent',
    event_index: 0,
    event_account_address: '0xfc5139e5df6314f10e6d5f8e8ca860599df21ad4a8fc7fb1e5696a5cf833a8d2',
    event_creation_number: 5,
    event_sequence_number: 0,
    block_height: 70774506,
    transaction_version: 482130126,
    is_transaction_success: true
  },
  {
    coin_type: '0xe60c54467e4c094cee951fde4a018ce1504f3b0f09ed86e6c8d9811771c6b1f0::coin::T',
    transaction_timestamp: '2023-03-27T08:41:15',
    amount: 1500000000,
    activity_type: '0x1::coin::DepositEvent',
    event_index: 1,
    event_account_address: '0x530055b2c0fb40abf06c9d380c531f828fb97209d531158ec65c21fa038ae182',
    event_creation_number: 4,
    event_sequence_number: 0,
    block_height: 71484432,
    transaction_version: 483848571,
    is_transaction_success: true
  },
  {
    coin_type: '0xe60c54467e4c094cee951fde4a018ce1504f3b0f09ed86e6c8d9811771c6b1f0::coin::T',
    transaction_timestamp: '2023-03-27T08:41:15',
    amount: 1500000000,
    activity_type: '0x1::coin::WithdrawEvent',
    event_index: 0,
    event_account_address: '0xfc5139e5df6314f10e6d5f8e8ca860599df21ad4a8fc7fb1e5696a5cf833a8d2',
    event_creation_number: 5,
    event_sequence_number: 1,
    block_height: 71484432,
    transaction_version: 483848571,
    is_transaction_success: true
  },
  {
    coin_type: '0xe60c54467e4c094cee951fde4a018ce1504f3b0f09ed86e6c8d9811771c6b1f0::coin::T',
    transaction_timestamp: '2023-03-28T05:34:16',
    amount: 5,
    activity_type: '0x1::coin::WithdrawEvent',
    event_index: 0,
    event_account_address: '0x530055b2c0fb40abf06c9d380c531f828fb97209d531158ec65c21fa038ae182',
    event_creation_number: 5,
    event_sequence_number: 0,
    block_height: 71722154,
    transaction_version: 484439246,
    is_transaction_success: true
  },
  {
    coin_type: '0xe60c54467e4c094cee951fde4a018ce1504f3b0f09ed86e6c8d9811771c6b1f0::coin::T',
    transaction_timestamp: '2023-03-28T05:34:16',
    amount: 5,
    activity_type: '0x1::coin::DepositEvent',
    event_index: 1,
    event_account_address: '0xfc5139e5df6314f10e6d5f8e8ca860599df21ad4a8fc7fb1e5696a5cf833a8d2',
    event_creation_number: 4,
    event_sequence_number: 4,
    block_height: 71722154,
    transaction_version: 484439246,
    is_transaction_success: true
  },
  {
    coin_type: '0xe60c54467e4c094cee951fde4a018ce1504f3b0f09ed86e6c8d9811771c6b1f0::coin::T',
    transaction_timestamp: '2023-03-28T05:36:21',
    amount: 500000000,
    activity_type: '0x1::coin::WithdrawEvent',
    event_index: 0,
    event_account_address: '0x530055b2c0fb40abf06c9d380c531f828fb97209d531158ec65c21fa038ae182',
    event_creation_number: 5,
    event_sequence_number: 1,
    block_height: 71722570,
    transaction_version: 484440284,
    is_transaction_success: true
  },
  {
    coin_type: '0xe60c54467e4c094cee951fde4a018ce1504f3b0f09ed86e6c8d9811771c6b1f0::coin::T',
    transaction_timestamp: '2023-03-28T05:36:21',
    amount: 500000000,
    activity_type: '0x1::coin::DepositEvent',
    event_index: 1,
    event_account_address: '0xfc5139e5df6314f10e6d5f8e8ca860599df21ad4a8fc7fb1e5696a5cf833a8d2',
    event_creation_number: 4,
    event_sequence_number: 5,
    block_height: 71722570,
    transaction_version: 484440284,
    is_transaction_success: true
  },
  {
    coin_type: '0xe60c54467e4c094cee951fde4a018ce1504f3b0f09ed86e6c8d9811771c6b1f0::coin::T',
    transaction_timestamp: '2023-03-28T06:29:32',
    amount: 111111114,
    activity_type: '0x1::coin::DepositEvent',
    event_index: 0,
    event_account_address: '0xfc5139e5df6314f10e6d5f8e8ca860599df21ad4a8fc7fb1e5696a5cf833a8d2',
    event_creation_number: 4,
    event_sequence_number: 6,
    block_height: 71733037,
    transaction_version: 484466424,
    is_transaction_success: true
  },
  {
    coin_type: '0xe60c54467e4c094cee951fde4a018ce1504f3b0f09ed86e6c8d9811771c6b1f0::coin::T',
    transaction_timestamp: '2023-03-28T06:29:32',
    amount: 0,
    activity_type: '0x1::coin::DepositEvent',
    event_index: 1,
    event_account_address: '0xfc5139e5df6314f10e6d5f8e8ca860599df21ad4a8fc7fb1e5696a5cf833a8d2',
    event_creation_number: 4,
    event_sequence_number: 7,
    block_height: 71733037,
    transaction_version: 484466424,
    is_transaction_success: true
  },
  {
    coin_type: '0xe60c54467e4c094cee951fde4a018ce1504f3b0f09ed86e6c8d9811771c6b1f0::coin::T',
    transaction_timestamp: '2023-03-29T05:13:42',
    amount: 1500000000,
    activity_type: '0x1::coin::WithdrawEvent',
    event_index: 0,
    event_account_address: '0xfc5139e5df6314f10e6d5f8e8ca860599df21ad4a8fc7fb1e5696a5cf833a8d2',
    event_creation_number: 5,
    event_sequence_number: 2,
    block_height: 71993965,
    transaction_version: 485113299,
    is_transaction_success: true
  },
  {
    coin_type: '0xe60c54467e4c094cee951fde4a018ce1504f3b0f09ed86e6c8d9811771c6b1f0::coin::T',
    transaction_timestamp: '2023-03-29T05:13:42',
    amount: 1500000000,
    activity_type: '0x1::coin::DepositEvent',
    event_index: 1,
    event_account_address: '0x59e87e6a53451220a5f1546a929e9020b1c757e8a9b6ec3a76637de005f9b371',
    event_creation_number: 6,
    event_sequence_number: 0,
    block_height: 71993965,
    transaction_version: 485113299,
    is_transaction_success: true
  },
  {
    coin_type: '0xe60c54467e4c094cee951fde4a018ce1504f3b0f09ed86e6c8d9811771c6b1f0::coin::T',
    transaction_timestamp: '2023-03-29T07:51:09',
    amount: 0,
    activity_type: '0x1::coin::WithdrawEvent',
    event_index: 2,
    event_account_address: '0x295345a3773081215e6a9eb156227540525e3904b10ef00bd39ff1d066608e61',
    event_creation_number: 7,
    event_sequence_number: 0,
    block_height: 72025858,
    transaction_version: 485193844,
    is_transaction_success: true
  },
  {
    coin_type: '0xe60c54467e4c094cee951fde4a018ce1504f3b0f09ed86e6c8d9811771c6b1f0::coin::T',
    transaction_timestamp: '2023-03-29T07:51:09',
    amount: 0,
    activity_type: '0x1::coin::DepositEvent',
    event_index: 3,
    event_account_address: '0x1791c00d574b4927cf8267d359316cc09698ef8c2ae8afb84e23cfca2cec4f1d',
    event_creation_number: 6,
    event_sequence_number: 0,
    block_height: 72025858,
    transaction_version: 485193844,
    is_transaction_success: true
  },
  {
    coin_type: '0xe60c54467e4c094cee951fde4a018ce1504f3b0f09ed86e6c8d9811771c6b1f0::coin::T',
    transaction_timestamp: '2023-03-29T07:51:09',
    amount: 0,
    activity_type: '0x1::coin::DepositEvent',
    event_index: 1,
    event_account_address: '0xfc5139e5df6314f10e6d5f8e8ca860599df21ad4a8fc7fb1e5696a5cf833a8d2',
    event_creation_number: 4,
    event_sequence_number: 8,
    block_height: 72025858,
    transaction_version: 485193844,
    is_transaction_success: true
  },
  {
    coin_type: '0xe60c54467e4c094cee951fde4a018ce1504f3b0f09ed86e6c8d9811771c6b1f0::coin::T',
    transaction_timestamp: '2023-03-29T07:51:09',
    amount: 0,
    activity_type: '0x1::coin::WithdrawEvent',
    event_index: 0,
    event_account_address: '0x530055b2c0fb40abf06c9d380c531f828fb97209d531158ec65c21fa038ae182',
    event_creation_number: 5,
    event_sequence_number: 2,
    block_height: 72025858,
    transaction_version: 485193844,
    is_transaction_success: true
  },
  {
    coin_type: '0xe60c54467e4c094cee951fde4a018ce1504f3b0f09ed86e6c8d9811771c6b1f0::coin::T',
    transaction_timestamp: '2023-03-29T07:56:28',
    amount: 200000000,
    activity_type: '0x1::coin::WithdrawEvent',
    event_index: 0,
    event_account_address: '0x530055b2c0fb40abf06c9d380c531f828fb97209d531158ec65c21fa038ae182',
    event_creation_number: 5,
    event_sequence_number: 3,
    block_height: 72026985,
    transaction_version: 485196728,
    is_transaction_success: true
  },
  {
    coin_type: '0xe60c54467e4c094cee951fde4a018ce1504f3b0f09ed86e6c8d9811771c6b1f0::coin::T',
    transaction_timestamp: '2023-03-29T07:56:28',
    amount: 200000000,
    activity_type: '0x1::coin::DepositEvent',
    event_index: 1,
    event_account_address: '0x295345a3773081215e6a9eb156227540525e3904b10ef00bd39ff1d066608e61',
    event_creation_number: 6,
    event_sequence_number: 0,
    block_height: 72026985,
    transaction_version: 485196728,
    is_transaction_success: true
  },
  {
    coin_type: '0xe60c54467e4c094cee951fde4a018ce1504f3b0f09ed86e6c8d9811771c6b1f0::coin::T',
    transaction_timestamp: '2023-03-29T07:56:48',
    amount: 2,
    activity_type: '0x1::coin::WithdrawEvent',
    event_index: 0,
    event_account_address: '0x530055b2c0fb40abf06c9d380c531f828fb97209d531158ec65c21fa038ae182',
    event_creation_number: 5,
    event_sequence_number: 4,
    block_height: 72027054,
    transaction_version: 485196903,
    is_transaction_success: true
  },
  {
    coin_type: '0xe60c54467e4c094cee951fde4a018ce1504f3b0f09ed86e6c8d9811771c6b1f0::coin::T',
    transaction_timestamp: '2023-03-29T07:56:48',
    amount: 3,
    activity_type: '0x1::coin::WithdrawEvent',
    event_index: 2,
    event_account_address: '0x295345a3773081215e6a9eb156227540525e3904b10ef00bd39ff1d066608e61',
    event_creation_number: 7,
    event_sequence_number: 1,
    block_height: 72027054,
    transaction_version: 485196903,
    is_transaction_success: true
  },
  {
    coin_type: '0xe60c54467e4c094cee951fde4a018ce1504f3b0f09ed86e6c8d9811771c6b1f0::coin::T',
    transaction_timestamp: '2023-03-29T07:56:48',
    amount: 2,
    activity_type: '0x1::coin::DepositEvent',
    event_index: 1,
    event_account_address: '0xfc5139e5df6314f10e6d5f8e8ca860599df21ad4a8fc7fb1e5696a5cf833a8d2',
    event_creation_number: 4,
    event_sequence_number: 9,
    block_height: 72027054,
    transaction_version: 485196903,
    is_transaction_success: true
  },
  {
    coin_type: '0xe60c54467e4c094cee951fde4a018ce1504f3b0f09ed86e6c8d9811771c6b1f0::coin::T',
    transaction_timestamp: '2023-03-29T07:56:48',
    amount: 3,
    activity_type: '0x1::coin::DepositEvent',
    event_index: 3,
    event_account_address: '0x1791c00d574b4927cf8267d359316cc09698ef8c2ae8afb84e23cfca2cec4f1d',
    event_creation_number: 6,
    event_sequence_number: 1,
    block_height: 72027054,
    transaction_version: 485196903,
    is_transaction_success: true
  },
  {
    coin_type: '0xe60c54467e4c094cee951fde4a018ce1504f3b0f09ed86e6c8d9811771c6b1f0::coin::T',
    transaction_timestamp: '2023-03-29T07:57:01',
    amount: 2,
    activity_type: '0x1::coin::DepositEvent',
    event_index: 1,
    event_account_address: '0xfc5139e5df6314f10e6d5f8e8ca860599df21ad4a8fc7fb1e5696a5cf833a8d2',
    event_creation_number: 4,
    event_sequence_number: 10,
    block_height: 72027097,
    transaction_version: 485197010,
    is_transaction_success: true
  },
  {
    coin_type: '0xe60c54467e4c094cee951fde4a018ce1504f3b0f09ed86e6c8d9811771c6b1f0::coin::T',
    transaction_timestamp: '2023-03-29T07:57:01',
    amount: 3,
    activity_type: '0x1::coin::DepositEvent',
    event_index: 3,
    event_account_address: '0x1791c00d574b4927cf8267d359316cc09698ef8c2ae8afb84e23cfca2cec4f1d',
    event_creation_number: 6,
    event_sequence_number: 2,
    block_height: 72027097,
    transaction_version: 485197010,
    is_transaction_success: true
  },
  {
    coin_type: '0xe60c54467e4c094cee951fde4a018ce1504f3b0f09ed86e6c8d9811771c6b1f0::coin::T',
    transaction_timestamp: '2023-03-29T07:57:01',
    amount: 3,
    activity_type: '0x1::coin::WithdrawEvent',
    event_index: 2,
    event_account_address: '0x295345a3773081215e6a9eb156227540525e3904b10ef00bd39ff1d066608e61',
    event_creation_number: 7,
    event_sequence_number: 2,
    block_height: 72027097,
    transaction_version: 485197010,
    is_transaction_success: true
  },
  {
    coin_type: '0xe60c54467e4c094cee951fde4a018ce1504f3b0f09ed86e6c8d9811771c6b1f0::coin::T',
    transaction_timestamp: '2023-03-29T07:57:01',
    amount: 2,
    activity_type: '0x1::coin::WithdrawEvent',
    event_index: 0,
    event_account_address: '0x530055b2c0fb40abf06c9d380c531f828fb97209d531158ec65c21fa038ae182',
    event_creation_number: 5,
    event_sequence_number: 5,
    block_height: 72027097,
    transaction_version: 485197010,
    is_transaction_success: true
  },
  {
    coin_type: '0xe60c54467e4c094cee951fde4a018ce1504f3b0f09ed86e6c8d9811771c6b1f0::coin::T',
    transaction_timestamp: '2023-03-29T07:57:29',
    amount: 124000000,
    activity_type: '0x1::coin::DepositEvent',
    event_index: 3,
    event_account_address: '0x1791c00d574b4927cf8267d359316cc09698ef8c2ae8afb84e23cfca2cec4f1d',
    event_creation_number: 6,
    event_sequence_number: 3,
    block_height: 72027195,
    transaction_version: 485197252,
    is_transaction_success: true
  },
  {
    coin_type: '0xe60c54467e4c094cee951fde4a018ce1504f3b0f09ed86e6c8d9811771c6b1f0::coin::T',
    transaction_timestamp: '2023-03-29T07:57:29',
    amount: 15000000,
    activity_type: '0x1::coin::WithdrawEvent',
    event_index: 0,
    event_account_address: '0x530055b2c0fb40abf06c9d380c531f828fb97209d531158ec65c21fa038ae182',
    event_creation_number: 5,
    event_sequence_number: 6,
    block_height: 72027195,
    transaction_version: 485197252,
    is_transaction_success: true
  },
  {
    coin_type: '0xe60c54467e4c094cee951fde4a018ce1504f3b0f09ed86e6c8d9811771c6b1f0::coin::T',
    transaction_timestamp: '2023-03-29T07:57:29',
    amount: 124000000,
    activity_type: '0x1::coin::WithdrawEvent',
    event_index: 2,
    event_account_address: '0x295345a3773081215e6a9eb156227540525e3904b10ef00bd39ff1d066608e61',
    event_creation_number: 7,
    event_sequence_number: 3,
    block_height: 72027195,
    transaction_version: 485197252,
    is_transaction_success: true
  },
  {
    coin_type: '0xe60c54467e4c094cee951fde4a018ce1504f3b0f09ed86e6c8d9811771c6b1f0::coin::T',
    transaction_timestamp: '2023-03-29T07:57:29',
    amount: 15000000,
    activity_type: '0x1::coin::DepositEvent',
    event_index: 1,
    event_account_address: '0xfc5139e5df6314f10e6d5f8e8ca860599df21ad4a8fc7fb1e5696a5cf833a8d2',
    event_creation_number: 4,
    event_sequence_number: 11,
    block_height: 72027195,
    transaction_version: 485197252,
    is_transaction_success: true
  },
  {
    coin_type: '0xe60c54467e4c094cee951fde4a018ce1504f3b0f09ed86e6c8d9811771c6b1f0::coin::T',
    transaction_timestamp: '2023-03-29T08:25:56',
    amount: 100000000,
    activity_type: '0x1::coin::WithdrawEvent',
    event_index: 0,
    event_account_address: '0xfc5139e5df6314f10e6d5f8e8ca860599df21ad4a8fc7fb1e5696a5cf833a8d2',
    event_creation_number: 5,
    event_sequence_number: 3,
    block_height: 72032860,
    transaction_version: 485211451,
    is_transaction_success: true
  },
  {
    coin_type: '0xe60c54467e4c094cee951fde4a018ce1504f3b0f09ed86e6c8d9811771c6b1f0::coin::T',
    transaction_timestamp: '2023-03-29T08:25:56',
    amount: 100000000,
    activity_type: '0x1::coin::DepositEvent',
    event_index: 1,
    event_account_address: '0x9e6b0c8b2792c5237b83a67e0437089cd3191f64d516b44854f0b556ca55b9f4',
    event_creation_number: 4,
    event_sequence_number: 1,
    block_height: 72032860,
    transaction_version: 485211451,
    is_transaction_success: true
  },
  {
    coin_type: '0xe60c54467e4c094cee951fde4a018ce1504f3b0f09ed86e6c8d9811771c6b1f0::coin::T',
    transaction_timestamp: '2023-04-10T10:47:58',
    amount: 0,
    activity_type: '0x1::coin::DepositEvent',
    event_index: 1,
    event_account_address: '0xfc5139e5df6314f10e6d5f8e8ca860599df21ad4a8fc7fb1e5696a5cf833a8d2',
    event_creation_number: 4,
    event_sequence_number: 13,
    block_height: 75912445,
    transaction_version: 495445886,
    is_transaction_success: true
  },
  {
    coin_type: '0xe60c54467e4c094cee951fde4a018ce1504f3b0f09ed86e6c8d9811771c6b1f0::coin::T',
    transaction_timestamp: '2023-04-10T10:47:58',
    amount: 600000000000,
    activity_type: '0x1::coin::DepositEvent',
    event_index: 0,
    event_account_address: '0xfc5139e5df6314f10e6d5f8e8ca860599df21ad4a8fc7fb1e5696a5cf833a8d2',
    event_creation_number: 4,
    event_sequence_number: 12,
    block_height: 75912445,
    transaction_version: 495445886,
    is_transaction_success: true
  },
  {
    coin_type: '0xe60c54467e4c094cee951fde4a018ce1504f3b0f09ed86e6c8d9811771c6b1f0::coin::T',
    transaction_timestamp: '2023-04-10T11:37:37',
    amount: 500000000000,
    activity_type: '0x1::coin::WithdrawEvent',
    event_index: 0,
    event_account_address: '0xfc5139e5df6314f10e6d5f8e8ca860599df21ad4a8fc7fb1e5696a5cf833a8d2',
    event_creation_number: 5,
    event_sequence_number: 4,
    block_height: 75923656,
    transaction_version: 495474870,
    is_transaction_success: true
  },
  {
    coin_type: '0xe60c54467e4c094cee951fde4a018ce1504f3b0f09ed86e6c8d9811771c6b1f0::coin::T',
    transaction_timestamp: '2023-04-10T11:37:37',
    amount: 500000000000,
    activity_type: '0x1::coin::DepositEvent',
    event_index: 1,
    event_account_address: '0xe08234e97db755974ab88749e0c64c367208c39bf114769370a0b8aa85e8d850',
    event_creation_number: 24,
    event_sequence_number: 0,
    block_height: 75923656,
    transaction_version: 495474870,
    is_transaction_success: true
  },
  {
    coin_type: '0xe60c54467e4c094cee951fde4a018ce1504f3b0f09ed86e6c8d9811771c6b1f0::coin::T',
    transaction_timestamp: '2023-04-10T11:39:25',
    amount: 10000000,
    activity_type: '0x1::coin::WithdrawEvent',
    event_index: 0,
    event_account_address: '0xe08234e97db755974ab88749e0c64c367208c39bf114769370a0b8aa85e8d850',
    event_creation_number: 25,
    event_sequence_number: 0,
    block_height: 75924065,
    transaction_version: 495475926,
    is_transaction_success: true
  },
  {
    coin_type: '0xe60c54467e4c094cee951fde4a018ce1504f3b0f09ed86e6c8d9811771c6b1f0::coin::T',
    transaction_timestamp: '2023-04-10T11:39:25',
    amount: 10000000,
    activity_type: '0x1::coin::DepositEvent',
    event_index: 1,
    event_account_address: '0x639df2fb84c506e01dbc36834349d20c921ae2b9eba1b94692399421cd39c9bb',
    event_creation_number: 4,
    event_sequence_number: 0,
    block_height: 75924065,
    transaction_version: 495475926,
    is_transaction_success: true
  },
  {
    coin_type: '0xe60c54467e4c094cee951fde4a018ce1504f3b0f09ed86e6c8d9811771c6b1f0::coin::T',
    transaction_timestamp: '2023-04-17T13:48:44',
    amount: 15000000,
    activity_type: '0x1::coin::WithdrawEvent',
    event_index: 0,
    event_account_address: '0x1791c00d574b4927cf8267d359316cc09698ef8c2ae8afb84e23cfca2cec4f1d',
    event_creation_number: 7,
    event_sequence_number: 0,
    block_height: 78150759,
    transaction_version: 501201510,
    is_transaction_success: true
  },
  {
    coin_type: '0xe60c54467e4c094cee951fde4a018ce1504f3b0f09ed86e6c8d9811771c6b1f0::coin::T',
    transaction_timestamp: '2023-04-17T13:48:44',
    amount: 15000000,
    activity_type: '0x1::coin::DepositEvent',
    event_index: 1,
    event_account_address: '0x59e87e6a53451220a5f1546a929e9020b1c757e8a9b6ec3a76637de005f9b371',
    event_creation_number: 6,
    event_sequence_number: 1,
    block_height: 78150759,
    transaction_version: 501201510,
    is_transaction_success: true
  },
  {
    coin_type: '0xe60c54467e4c094cee951fde4a018ce1504f3b0f09ed86e6c8d9811771c6b1f0::coin::T',
    transaction_timestamp: '2023-04-18T07:37:11',
    amount: 2000000000,
    activity_type: '0x1::coin::WithdrawEvent',
    event_index: 0,
    event_account_address: '0xfc5139e5df6314f10e6d5f8e8ca860599df21ad4a8fc7fb1e5696a5cf833a8d2',
    event_creation_number: 5,
    event_sequence_number: 5,
    block_height: 78381537,
    transaction_version: 501792629,
    is_transaction_success: true
  },
  {
    coin_type: '0xe60c54467e4c094cee951fde4a018ce1504f3b0f09ed86e6c8d9811771c6b1f0::coin::T',
    transaction_timestamp: '2023-04-18T07:37:11',
    amount: 2000000000,
    activity_type: '0x1::coin::DepositEvent',
    event_index: 1,
    event_account_address: '0x9c5947d235fca8af0ed9c90dca50196c112dac407eb19d87d9287db93d7e2d51',
    event_creation_number: 6,
    event_sequence_number: 0,
    block_height: 78381537,
    transaction_version: 501792629,
    is_transaction_success: true
  },
  {
    coin_type: '0xe60c54467e4c094cee951fde4a018ce1504f3b0f09ed86e6c8d9811771c6b1f0::coin::T',
    transaction_timestamp: '2023-04-18T13:42:48',
    amount: 12000000,
    activity_type: '0x1::coin::DepositEvent',
    event_index: 1,
    event_account_address: '0x59e87e6a53451220a5f1546a929e9020b1c757e8a9b6ec3a76637de005f9b371',
    event_creation_number: 6,
    event_sequence_number: 2,
    block_height: 78460430,
    transaction_version: 501994527,
    is_transaction_success: true
  },
  {
    coin_type: '0xe60c54467e4c094cee951fde4a018ce1504f3b0f09ed86e6c8d9811771c6b1f0::coin::T',
    transaction_timestamp: '2023-04-18T13:42:48',
    amount: 12000000,
    activity_type: '0x1::coin::WithdrawEvent',
    event_index: 0,
    event_account_address: '0x1791c00d574b4927cf8267d359316cc09698ef8c2ae8afb84e23cfca2cec4f1d',
    event_creation_number: 7,
    event_sequence_number: 1,
    block_height: 78460430,
    transaction_version: 501994527,
    is_transaction_success: true
  },
  {
    coin_type: '0xe60c54467e4c094cee951fde4a018ce1504f3b0f09ed86e6c8d9811771c6b1f0::coin::T',
    transaction_timestamp: '2023-04-19T07:26:11',
    amount: 300000000,
    activity_type: '0x1::coin::DepositEvent',
    event_index: 1,
    event_account_address: '0x0cf17dd048dfc2aea2749a4393cd4a42d722d72a312fce1a6dd6924fec4e9e01',
    event_creation_number: 6,
    event_sequence_number: 0,
    block_height: 78680772,
    transaction_version: 502550219,
    is_transaction_success: true
  },
  {
    coin_type: '0xe60c54467e4c094cee951fde4a018ce1504f3b0f09ed86e6c8d9811771c6b1f0::coin::T',
    transaction_timestamp: '2023-04-19T07:26:11',
    amount: 300000000,
    activity_type: '0x1::coin::WithdrawEvent',
    event_index: 0,
    event_account_address: '0x9c5947d235fca8af0ed9c90dca50196c112dac407eb19d87d9287db93d7e2d51',
    event_creation_number: 7,
    event_sequence_number: 0,
    block_height: 78680772,
    transaction_version: 502550219,
    is_transaction_success: true
  },
  {
    coin_type: '0xe60c54467e4c094cee951fde4a018ce1504f3b0f09ed86e6c8d9811771c6b1f0::coin::T',
    transaction_timestamp: '2023-04-19T07:26:28',
    amount: 100000000,
    activity_type: '0x1::coin::WithdrawEvent',
    event_index: 3,
    event_account_address: '0x0cf17dd048dfc2aea2749a4393cd4a42d722d72a312fce1a6dd6924fec4e9e01',
    event_creation_number: 7,
    event_sequence_number: 1,
    block_height: 78680839,
    transaction_version: 502550396,
    is_transaction_success: true
  },
  {
    coin_type: '0xe60c54467e4c094cee951fde4a018ce1504f3b0f09ed86e6c8d9811771c6b1f0::coin::T',
    transaction_timestamp: '2023-04-19T07:26:28',
    amount: 2000000,
    activity_type: '0x1::coin::DepositEvent',
    event_index: 4,
    event_account_address: '0x9ab42ea3b6db77fc0eec5b57689ef1e499d4cd2ca77a31025feb732788df7833',
    event_creation_number: 4,
    event_sequence_number: 1,
    block_height: 78680839,
    transaction_version: 502550396,
    is_transaction_success: true
  },
  {
    coin_type: '0xe60c54467e4c094cee951fde4a018ce1504f3b0f09ed86e6c8d9811771c6b1f0::coin::T',
    transaction_timestamp: '2023-04-19T07:26:28',
    amount: 98000000,
    activity_type: '0x1::coin::DepositEvent',
    event_index: 5,
    event_account_address: '0x37f2b3a1e2a47cf09fe9720b3a74a44e678c64dce55f21dd492ccb03be7558e1',
    event_creation_number: 4,
    event_sequence_number: 0,
    block_height: 78680839,
    transaction_version: 502550396,
    is_transaction_success: true
  },
  {
    coin_type: '0xe60c54467e4c094cee951fde4a018ce1504f3b0f09ed86e6c8d9811771c6b1f0::coin::T',
    transaction_timestamp: '2023-04-19T07:26:28',
    amount: 4000000,
    activity_type: '0x1::coin::DepositEvent',
    event_index: 1,
    event_account_address: '0x9ab42ea3b6db77fc0eec5b57689ef1e499d4cd2ca77a31025feb732788df7833',
    event_creation_number: 4,
    event_sequence_number: 0,
    block_height: 78680839,
    transaction_version: 502550396,
    is_transaction_success: true
  },
  {
    coin_type: '0xe60c54467e4c094cee951fde4a018ce1504f3b0f09ed86e6c8d9811771c6b1f0::coin::T',
    transaction_timestamp: '2023-04-19T07:26:28',
    amount: 200000000,
    activity_type: '0x1::coin::WithdrawEvent',
    event_index: 0,
    event_account_address: '0x0cf17dd048dfc2aea2749a4393cd4a42d722d72a312fce1a6dd6924fec4e9e01',
    event_creation_number: 7,
    event_sequence_number: 0,
    block_height: 78680839,
    transaction_version: 502550396,
    is_transaction_success: true
  },
  {
    coin_type: '0xe60c54467e4c094cee951fde4a018ce1504f3b0f09ed86e6c8d9811771c6b1f0::coin::T',
    transaction_timestamp: '2023-04-19T07:26:28',
    amount: 196000000,
    activity_type: '0x1::coin::DepositEvent',
    event_index: 2,
    event_account_address: '0x9c5947d235fca8af0ed9c90dca50196c112dac407eb19d87d9287db93d7e2d51',
    event_creation_number: 6,
    event_sequence_number: 1,
    block_height: 78680839,
    transaction_version: 502550396,
    is_transaction_success: true
  },
  {
    coin_type: '0xe60c54467e4c094cee951fde4a018ce1504f3b0f09ed86e6c8d9811771c6b1f0::coin::T',
    transaction_timestamp: '2023-04-19T10:51:48',
    amount: 200000000,
    activity_type: '0x1::coin::WithdrawEvent',
    event_index: 0,
    event_account_address: '0x9c5947d235fca8af0ed9c90dca50196c112dac407eb19d87d9287db93d7e2d51',
    event_creation_number: 7,
    event_sequence_number: 1,
    block_height: 78723460,
    transaction_version: 502658198,
    is_transaction_success: true
  },
  {
    coin_type: '0xe60c54467e4c094cee951fde4a018ce1504f3b0f09ed86e6c8d9811771c6b1f0::coin::T',
    transaction_timestamp: '2023-04-19T10:51:48',
    amount: 200000000,
    activity_type: '0x1::coin::DepositEvent',
    event_index: 1,
    event_account_address: '0x417f5f02c54e64f702ba2b210f521b555bbd07afa22b904af03a6f77133f3fef',
    event_creation_number: 4,
    event_sequence_number: 0,
    block_height: 78723460,
    transaction_version: 502658198,
    is_transaction_success: true
  },
  {
    coin_type: '0xe60c54467e4c094cee951fde4a018ce1504f3b0f09ed86e6c8d9811771c6b1f0::coin::T',
    transaction_timestamp: '2023-04-21T03:59:41',
    amount: 98000000,
    activity_type: '0x1::coin::WithdrawEvent',
    event_index: 0,
    event_account_address: '0x37f2b3a1e2a47cf09fe9720b3a74a44e678c64dce55f21dd492ccb03be7558e1',
    event_creation_number: 5,
    event_sequence_number: 0,
    block_height: 79252983,
    transaction_version: 504009933,
    is_transaction_success: true
  },
  {
    coin_type: '0xe60c54467e4c094cee951fde4a018ce1504f3b0f09ed86e6c8d9811771c6b1f0::coin::T',
    transaction_timestamp: '2023-04-21T03:59:41',
    amount: 98000000,
    activity_type: '0x1::coin::DepositEvent',
    event_index: 1,
    event_account_address: '0x9c5947d235fca8af0ed9c90dca50196c112dac407eb19d87d9287db93d7e2d51',
    event_creation_number: 6,
    event_sequence_number: 2,
    block_height: 79252983,
    transaction_version: 504009933,
    is_transaction_success: true
  },
  {
    coin_type: '0xe60c54467e4c094cee951fde4a018ce1504f3b0f09ed86e6c8d9811771c6b1f0::coin::T',
    transaction_timestamp: '2023-04-27T11:53:22',
    amount: 100000000,
    activity_type: '0x1::coin::DepositEvent',
    event_index: 1,
    event_account_address: '0x0cf17dd048dfc2aea2749a4393cd4a42d722d72a312fce1a6dd6924fec4e9e01',
    event_creation_number: 6,
    event_sequence_number: 1,
    block_height: 81175725,
    transaction_version: 508890592,
    is_transaction_success: true
  },
  {
    coin_type: '0xe60c54467e4c094cee951fde4a018ce1504f3b0f09ed86e6c8d9811771c6b1f0::coin::T',
    transaction_timestamp: '2023-04-27T11:53:22',
    amount: 100000000,
    activity_type: '0x1::coin::WithdrawEvent',
    event_index: 0,
    event_account_address: '0x9c5947d235fca8af0ed9c90dca50196c112dac407eb19d87d9287db93d7e2d51',
    event_creation_number: 7,
    event_sequence_number: 2,
    block_height: 81175725,
    transaction_version: 508890592,
    is_transaction_success: true
  },
  {
    coin_type: '0xe60c54467e4c094cee951fde4a018ce1504f3b0f09ed86e6c8d9811771c6b1f0::coin::T',
    transaction_timestamp: '2023-04-27T11:55:55',
    amount: 90,
    activity_type: '0x1::coin::DepositEvent',
    event_index: 2,
    event_account_address: '0x9c5947d235fca8af0ed9c90dca50196c112dac407eb19d87d9287db93d7e2d51',
    event_creation_number: 6,
    event_sequence_number: 3,
    block_height: 81176233,
    transaction_version: 508891863,
    is_transaction_success: true
  },
  {
    coin_type: '0xe60c54467e4c094cee951fde4a018ce1504f3b0f09ed86e6c8d9811771c6b1f0::coin::T',
    transaction_timestamp: '2023-04-27T11:55:55',
    amount: 10,
    activity_type: '0x1::coin::DepositEvent',
    event_index: 1,
    event_account_address: '0x9ab42ea3b6db77fc0eec5b57689ef1e499d4cd2ca77a31025feb732788df7833',
    event_creation_number: 4,
    event_sequence_number: 2,
    block_height: 81176233,
    transaction_version: 508891863,
    is_transaction_success: true
  },
  {
    coin_type: '0xe60c54467e4c094cee951fde4a018ce1504f3b0f09ed86e6c8d9811771c6b1f0::coin::T',
    transaction_timestamp: '2023-04-27T11:55:55',
    amount: 100,
    activity_type: '0x1::coin::WithdrawEvent',
    event_index: 0,
    event_account_address: '0x0cf17dd048dfc2aea2749a4393cd4a42d722d72a312fce1a6dd6924fec4e9e01',
    event_creation_number: 7,
    event_sequence_number: 2,
    block_height: 81176233,
    transaction_version: 508891863,
    is_transaction_success: true
  },
  {
    coin_type: '0xe60c54467e4c094cee951fde4a018ce1504f3b0f09ed86e6c8d9811771c6b1f0::coin::T',
    transaction_timestamp: '2023-04-27T11:59:20',
    amount: 10,
    activity_type: '0x1::coin::DepositEvent',
    event_index: 1,
    event_account_address: '0x9ab42ea3b6db77fc0eec5b57689ef1e499d4cd2ca77a31025feb732788df7833',
    event_creation_number: 4,
    event_sequence_number: 3,
    block_height: 81176948,
    transaction_version: 508893671,
    is_transaction_success: true
  },
  {
    coin_type: '0xe60c54467e4c094cee951fde4a018ce1504f3b0f09ed86e6c8d9811771c6b1f0::coin::T',
    transaction_timestamp: '2023-04-27T11:59:20',
    amount: 90,
    activity_type: '0x1::coin::DepositEvent',
    event_index: 2,
    event_account_address: '0x9c5947d235fca8af0ed9c90dca50196c112dac407eb19d87d9287db93d7e2d51',
    event_creation_number: 6,
    event_sequence_number: 4,
    block_height: 81176948,
    transaction_version: 508893671,
    is_transaction_success: true
  },
  {
    coin_type: '0xe60c54467e4c094cee951fde4a018ce1504f3b0f09ed86e6c8d9811771c6b1f0::coin::T',
    transaction_timestamp: '2023-04-27T11:59:20',
    amount: 100,
    activity_type: '0x1::coin::WithdrawEvent',
    event_index: 0,
    event_account_address: '0x0cf17dd048dfc2aea2749a4393cd4a42d722d72a312fce1a6dd6924fec4e9e01',
    event_creation_number: 7,
    event_sequence_number: 3,
    block_height: 81176948,
    transaction_version: 508893671,
    is_transaction_success: true
  },
  {
    coin_type: '0xe60c54467e4c094cee951fde4a018ce1504f3b0f09ed86e6c8d9811771c6b1f0::coin::T',
    transaction_timestamp: '2023-04-27T12:08:50',
    amount: 99999710,
    activity_type: '0x1::coin::DepositEvent',
    event_index: 1,
    event_account_address: '0x9c5947d235fca8af0ed9c90dca50196c112dac407eb19d87d9287db93d7e2d51',
    event_creation_number: 6,
    event_sequence_number: 5,
    block_height: 81178868,
    transaction_version: 508898487,
    is_transaction_success: true
  },
  {
    coin_type: '0xe60c54467e4c094cee951fde4a018ce1504f3b0f09ed86e6c8d9811771c6b1f0::coin::T',
    transaction_timestamp: '2023-04-27T12:08:50',
    amount: 99999710,
    activity_type: '0x1::coin::WithdrawEvent',
    event_index: 0,
    event_account_address: '0x0cf17dd048dfc2aea2749a4393cd4a42d722d72a312fce1a6dd6924fec4e9e01',
    event_creation_number: 7,
    event_sequence_number: 4,
    block_height: 81178868,
    transaction_version: 508898487,
    is_transaction_success: true
  },
  {
    coin_type: '0xe60c54467e4c094cee951fde4a018ce1504f3b0f09ed86e6c8d9811771c6b1f0::coin::T',
    transaction_timestamp: '2023-04-27T12:11:26',
    amount: 9,
    activity_type: '0x1::coin::DepositEvent',
    event_index: 1,
    event_account_address: '0x9c5947d235fca8af0ed9c90dca50196c112dac407eb19d87d9287db93d7e2d51',
    event_creation_number: 6,
    event_sequence_number: 6,
    block_height: 81179402,
    transaction_version: 508899813,
    is_transaction_success: true
  },
  {
    coin_type: '0xe60c54467e4c094cee951fde4a018ce1504f3b0f09ed86e6c8d9811771c6b1f0::coin::T',
    transaction_timestamp: '2023-04-27T12:11:26',
    amount: 9,
    activity_type: '0x1::coin::WithdrawEvent',
    event_index: 0,
    event_account_address: '0x0cf17dd048dfc2aea2749a4393cd4a42d722d72a312fce1a6dd6924fec4e9e01',
    event_creation_number: 7,
    event_sequence_number: 5,
    block_height: 81179402,
    transaction_version: 508899813,
    is_transaction_success: true
  },
  {
    coin_type: '0xe60c54467e4c094cee951fde4a018ce1504f3b0f09ed86e6c8d9811771c6b1f0::coin::T',
    transaction_timestamp: '2023-04-27T12:12:10',
    amount: 200000000,
    activity_type: '0x1::coin::DepositEvent',
    event_index: 1,
    event_account_address: '0x0cf17dd048dfc2aea2749a4393cd4a42d722d72a312fce1a6dd6924fec4e9e01',
    event_creation_number: 6,
    event_sequence_number: 2,
    block_height: 81179544,
    transaction_version: 508900167,
    is_transaction_success: true
  },
  {
    coin_type: '0xe60c54467e4c094cee951fde4a018ce1504f3b0f09ed86e6c8d9811771c6b1f0::coin::T',
    transaction_timestamp: '2023-04-27T12:12:10',
    amount: 200000000,
    activity_type: '0x1::coin::WithdrawEvent',
    event_index: 0,
    event_account_address: '0x9c5947d235fca8af0ed9c90dca50196c112dac407eb19d87d9287db93d7e2d51',
    event_creation_number: 7,
    event_sequence_number: 3,
    block_height: 81179544,
    transaction_version: 508900167,
    is_transaction_success: true
  },
  {
    coin_type: '0xe60c54467e4c094cee951fde4a018ce1504f3b0f09ed86e6c8d9811771c6b1f0::coin::T',
    transaction_timestamp: '2023-04-27T12:16:51',
    amount: 1000000,
    activity_type: '0x1::coin::DepositEvent',
    event_index: 4,
    event_account_address: '0x9ab42ea3b6db77fc0eec5b57689ef1e499d4cd2ca77a31025feb732788df7833',
    event_creation_number: 4,
    event_sequence_number: 5,
    block_height: 81180507,
    transaction_version: 508902575,
    is_transaction_success: true
  },
  {
    coin_type: '0xe60c54467e4c094cee951fde4a018ce1504f3b0f09ed86e6c8d9811771c6b1f0::coin::T',
    transaction_timestamp: '2023-04-27T12:16:51',
    amount: 98000000,
    activity_type: '0x1::coin::DepositEvent',
    event_index: 5,
    event_account_address: '0x37f2b3a1e2a47cf09fe9720b3a74a44e678c64dce55f21dd492ccb03be7558e1',
    event_creation_number: 4,
    event_sequence_number: 1,
    block_height: 81180507,
    transaction_version: 508902575,
    is_transaction_success: true
  },
  {
    coin_type: '0xe60c54467e4c094cee951fde4a018ce1504f3b0f09ed86e6c8d9811771c6b1f0::coin::T',
    transaction_timestamp: '2023-04-27T12:16:51',
    amount: 98000000,
    activity_type: '0x1::coin::DepositEvent',
    event_index: 2,
    event_account_address: '0x9c5947d235fca8af0ed9c90dca50196c112dac407eb19d87d9287db93d7e2d51',
    event_creation_number: 6,
    event_sequence_number: 7,
    block_height: 81180507,
    transaction_version: 508902575,
    is_transaction_success: true
  },
  {
    coin_type: '0xe60c54467e4c094cee951fde4a018ce1504f3b0f09ed86e6c8d9811771c6b1f0::coin::T',
    transaction_timestamp: '2023-04-27T12:16:51',
    amount: 99000000,
    activity_type: '0x1::coin::WithdrawEvent',
    event_index: 0,
    event_account_address: '0x0cf17dd048dfc2aea2749a4393cd4a42d722d72a312fce1a6dd6924fec4e9e01',
    event_creation_number: 7,
    event_sequence_number: 6,
    block_height: 81180507,
    transaction_version: 508902575,
    is_transaction_success: true
  },
  {
    coin_type: '0xe60c54467e4c094cee951fde4a018ce1504f3b0f09ed86e6c8d9811771c6b1f0::coin::T',
    transaction_timestamp: '2023-04-27T12:16:51',
    amount: 1000000,
    activity_type: '0x1::coin::DepositEvent',
    event_index: 1,
    event_account_address: '0x9ab42ea3b6db77fc0eec5b57689ef1e499d4cd2ca77a31025feb732788df7833',
    event_creation_number: 4,
    event_sequence_number: 4,
    block_height: 81180507,
    transaction_version: 508902575,
    is_transaction_success: true
  },
  {
    coin_type: '0xe60c54467e4c094cee951fde4a018ce1504f3b0f09ed86e6c8d9811771c6b1f0::coin::T',
    transaction_timestamp: '2023-04-27T12:16:51',
    amount: 99000000,
    activity_type: '0x1::coin::WithdrawEvent',
    event_index: 3,
    event_account_address: '0x0cf17dd048dfc2aea2749a4393cd4a42d722d72a312fce1a6dd6924fec4e9e01',
    event_creation_number: 7,
    event_sequence_number: 7,
    block_height: 81180507,
    transaction_version: 508902575,
    is_transaction_success: true
  },
  {
    coin_type: '0xe60c54467e4c094cee951fde4a018ce1504f3b0f09ed86e6c8d9811771c6b1f0::coin::T',
    transaction_timestamp: '2023-04-27T12:35:15',
    amount: 2000008,
    activity_type: '0x1::coin::DepositEvent',
    event_index: 1,
    event_account_address: '0x9c5947d235fca8af0ed9c90dca50196c112dac407eb19d87d9287db93d7e2d51',
    event_creation_number: 6,
    event_sequence_number: 8,
    block_height: 81184314,
    transaction_version: 508912196,
    is_transaction_success: true
  },
  {
    coin_type: '0xe60c54467e4c094cee951fde4a018ce1504f3b0f09ed86e6c8d9811771c6b1f0::coin::T',
    transaction_timestamp: '2023-04-27T12:35:15',
    amount: 2000008,
    activity_type: '0x1::coin::WithdrawEvent',
    event_index: 0,
    event_account_address: '0x0cf17dd048dfc2aea2749a4393cd4a42d722d72a312fce1a6dd6924fec4e9e01',
    event_creation_number: 7,
    event_sequence_number: 8,
    block_height: 81184314,
    transaction_version: 508912196,
    is_transaction_success: true
  },
  {
    coin_type: '0xe60c54467e4c094cee951fde4a018ce1504f3b0f09ed86e6c8d9811771c6b1f0::coin::T',
    transaction_timestamp: '2023-04-27T12:37:08',
    amount: 73,
    activity_type: '0x1::coin::WithdrawEvent',
    event_index: 0,
    event_account_address: '0x0cf17dd048dfc2aea2749a4393cd4a42d722d72a312fce1a6dd6924fec4e9e01',
    event_creation_number: 7,
    event_sequence_number: 9,
    block_height: 81184716,
    transaction_version: 508913222,
    is_transaction_success: true
  },
  {
    coin_type: '0xe60c54467e4c094cee951fde4a018ce1504f3b0f09ed86e6c8d9811771c6b1f0::coin::T',
    transaction_timestamp: '2023-04-27T12:37:08',
    amount: 73,
    activity_type: '0x1::coin::DepositEvent',
    event_index: 1,
    event_account_address: '0x9c5947d235fca8af0ed9c90dca50196c112dac407eb19d87d9287db93d7e2d51',
    event_creation_number: 6,
    event_sequence_number: 9,
    block_height: 81184716,
    transaction_version: 508913222,
    is_transaction_success: true
  },
  {
    coin_type: '0xe60c54467e4c094cee951fde4a018ce1504f3b0f09ed86e6c8d9811771c6b1f0::coin::T',
    transaction_timestamp: '2023-04-27T12:40:10',
    amount: 98000000,
    activity_type: '0x1::coin::WithdrawEvent',
    event_index: 0,
    event_account_address: '0x37f2b3a1e2a47cf09fe9720b3a74a44e678c64dce55f21dd492ccb03be7558e1',
    event_creation_number: 5,
    event_sequence_number: 1,
    block_height: 81185330,
    transaction_version: 508914761,
    is_transaction_success: true
  },
  {
    coin_type: '0xe60c54467e4c094cee951fde4a018ce1504f3b0f09ed86e6c8d9811771c6b1f0::coin::T',
    transaction_timestamp: '2023-04-27T12:40:10',
    amount: 98000000,
    activity_type: '0x1::coin::DepositEvent',
    event_index: 1,
    event_account_address: '0x9c5947d235fca8af0ed9c90dca50196c112dac407eb19d87d9287db93d7e2d51',
    event_creation_number: 6,
    event_sequence_number: 10,
    block_height: 81185330,
    transaction_version: 508914761,
    is_transaction_success: true
  },
  {
    coin_type: '0xe60c54467e4c094cee951fde4a018ce1504f3b0f09ed86e6c8d9811771c6b1f0::coin::T',
    transaction_timestamp: '2023-04-27T12:50:31',
    amount: 300000000,
    activity_type: '0x1::coin::WithdrawEvent',
    event_index: 0,
    event_account_address: '0x9c5947d235fca8af0ed9c90dca50196c112dac407eb19d87d9287db93d7e2d51',
    event_creation_number: 7,
    event_sequence_number: 4,
    block_height: 81187460,
    transaction_version: 508920128,
    is_transaction_success: true
  },
  {
    coin_type: '0xe60c54467e4c094cee951fde4a018ce1504f3b0f09ed86e6c8d9811771c6b1f0::coin::T',
    transaction_timestamp: '2023-04-27T12:50:31',
    amount: 300000000,
    activity_type: '0x1::coin::DepositEvent',
    event_index: 1,
    event_account_address: '0x0cf17dd048dfc2aea2749a4393cd4a42d722d72a312fce1a6dd6924fec4e9e01',
    event_creation_number: 6,
    event_sequence_number: 3,
    block_height: 81187460,
    transaction_version: 508920128,
    is_transaction_success: true
  },
  {
    coin_type: '0xe60c54467e4c094cee951fde4a018ce1504f3b0f09ed86e6c8d9811771c6b1f0::coin::T',
    transaction_timestamp: '2023-04-27T12:50:45',
    amount: 1000000,
    activity_type: '0x1::coin::DepositEvent',
    event_index: 1,
    event_account_address: '0x9ab42ea3b6db77fc0eec5b57689ef1e499d4cd2ca77a31025feb732788df7833',
    event_creation_number: 4,
    event_sequence_number: 6,
    block_height: 81187505,
    transaction_version: 508920243,
    is_transaction_success: true
  },
  {
    coin_type: '0xe60c54467e4c094cee951fde4a018ce1504f3b0f09ed86e6c8d9811771c6b1f0::coin::T',
    transaction_timestamp: '2023-04-27T12:50:45',
    amount: 1000000,
    activity_type: '0x1::coin::DepositEvent',
    event_index: 4,
    event_account_address: '0x9ab42ea3b6db77fc0eec5b57689ef1e499d4cd2ca77a31025feb732788df7833',
    event_creation_number: 4,
    event_sequence_number: 7,
    block_height: 81187505,
    transaction_version: 508920243,
    is_transaction_success: true
  },
  {
    coin_type: '0xe60c54467e4c094cee951fde4a018ce1504f3b0f09ed86e6c8d9811771c6b1f0::coin::T',
    transaction_timestamp: '2023-04-27T12:50:45',
    amount: 99000000,
    activity_type: '0x1::coin::DepositEvent',
    event_index: 5,
    event_account_address: '0x37f2b3a1e2a47cf09fe9720b3a74a44e678c64dce55f21dd492ccb03be7558e1',
    event_creation_number: 4,
    event_sequence_number: 2,
    block_height: 81187505,
    transaction_version: 508920243,
    is_transaction_success: true
  },
  {
    coin_type: '0xe60c54467e4c094cee951fde4a018ce1504f3b0f09ed86e6c8d9811771c6b1f0::coin::T',
    transaction_timestamp: '2023-04-27T12:50:45',
    amount: 99000000,
    activity_type: '0x1::coin::DepositEvent',
    event_index: 2,
    event_account_address: '0x9c5947d235fca8af0ed9c90dca50196c112dac407eb19d87d9287db93d7e2d51',
    event_creation_number: 6,
    event_sequence_number: 11,
    block_height: 81187505,
    transaction_version: 508920243,
    is_transaction_success: true
  },
  {
    coin_type: '0xe60c54467e4c094cee951fde4a018ce1504f3b0f09ed86e6c8d9811771c6b1f0::coin::T',
    transaction_timestamp: '2023-04-27T12:50:45',
    amount: 100000000,
    activity_type: '0x1::coin::WithdrawEvent',
    event_index: 0,
    event_account_address: '0x0cf17dd048dfc2aea2749a4393cd4a42d722d72a312fce1a6dd6924fec4e9e01',
    event_creation_number: 7,
    event_sequence_number: 10,
    block_height: 81187505,
    transaction_version: 508920243,
    is_transaction_success: true
  },
  {
    coin_type: '0xe60c54467e4c094cee951fde4a018ce1504f3b0f09ed86e6c8d9811771c6b1f0::coin::T',
    transaction_timestamp: '2023-04-27T12:50:45',
    amount: 100000000,
    activity_type: '0x1::coin::WithdrawEvent',
    event_index: 3,
    event_account_address: '0x0cf17dd048dfc2aea2749a4393cd4a42d722d72a312fce1a6dd6924fec4e9e01',
    event_creation_number: 7,
    event_sequence_number: 11,
    block_height: 81187505,
    transaction_version: 508920243,
    is_transaction_success: true
  },
  {
    coin_type: '0xe60c54467e4c094cee951fde4a018ce1504f3b0f09ed86e6c8d9811771c6b1f0::coin::T',
    transaction_timestamp: '2023-04-27T13:10:12',
    amount: 1590000000,
    activity_type: '0x1::coin::WithdrawEvent',
    event_index: 0,
    event_account_address: '0x9c5947d235fca8af0ed9c90dca50196c112dac407eb19d87d9287db93d7e2d51',
    event_creation_number: 7,
    event_sequence_number: 5,
    block_height: 81191587,
    transaction_version: 508930570,
    is_transaction_success: true
  },
  {
    coin_type: '0xe60c54467e4c094cee951fde4a018ce1504f3b0f09ed86e6c8d9811771c6b1f0::coin::T',
    transaction_timestamp: '2023-04-27T13:10:12',
    amount: 1590000000,
    activity_type: '0x1::coin::DepositEvent',
    event_index: 1,
    event_account_address: '0x0cf17dd048dfc2aea2749a4393cd4a42d722d72a312fce1a6dd6924fec4e9e01',
    event_creation_number: 6,
    event_sequence_number: 4,
    block_height: 81191587,
    transaction_version: 508930570,
    is_transaction_success: true
  },
  {
    coin_type: '0xe60c54467e4c094cee951fde4a018ce1504f3b0f09ed86e6c8d9811771c6b1f0::coin::T',
    transaction_timestamp: '2023-04-27T13:13:37',
    amount: 1000000,
    activity_type: '0x1::coin::DepositEvent',
    event_index: 1,
    event_account_address: '0x9c5947d235fca8af0ed9c90dca50196c112dac407eb19d87d9287db93d7e2d51',
    event_creation_number: 6,
    event_sequence_number: 12,
    block_height: 81192289,
    transaction_version: 508932327,
    is_transaction_success: true
  },
  {
    coin_type: '0xe60c54467e4c094cee951fde4a018ce1504f3b0f09ed86e6c8d9811771c6b1f0::coin::T',
    transaction_timestamp: '2023-04-27T13:13:37',
    amount: 1000000,
    activity_type: '0x1::coin::DepositEvent',
    event_index: 4,
    event_account_address: '0x9c5947d235fca8af0ed9c90dca50196c112dac407eb19d87d9287db93d7e2d51',
    event_creation_number: 6,
    event_sequence_number: 14,
    block_height: 81192289,
    transaction_version: 508932327,
    is_transaction_success: true
  },
  {
    coin_type: '0xe60c54467e4c094cee951fde4a018ce1504f3b0f09ed86e6c8d9811771c6b1f0::coin::T',
    transaction_timestamp: '2023-04-27T13:13:37',
    amount: 99000000,
    activity_type: '0x1::coin::DepositEvent',
    event_index: 2,
    event_account_address: '0x9c5947d235fca8af0ed9c90dca50196c112dac407eb19d87d9287db93d7e2d51',
    event_creation_number: 6,
    event_sequence_number: 13,
    block_height: 81192289,
    transaction_version: 508932327,
    is_transaction_success: true
  },
  {
    coin_type: '0xe60c54467e4c094cee951fde4a018ce1504f3b0f09ed86e6c8d9811771c6b1f0::coin::T',
    transaction_timestamp: '2023-04-27T13:13:37',
    amount: 99000000,
    activity_type: '0x1::coin::DepositEvent',
    event_index: 5,
    event_account_address: '0x37f2b3a1e2a47cf09fe9720b3a74a44e678c64dce55f21dd492ccb03be7558e1',
    event_creation_number: 4,
    event_sequence_number: 3,
    block_height: 81192289,
    transaction_version: 508932327,
    is_transaction_success: true
  },
  {
    coin_type: '0xe60c54467e4c094cee951fde4a018ce1504f3b0f09ed86e6c8d9811771c6b1f0::coin::T',
    transaction_timestamp: '2023-04-27T13:13:37',
    amount: 100000000,
    activity_type: '0x1::coin::WithdrawEvent',
    event_index: 0,
    event_account_address: '0x0cf17dd048dfc2aea2749a4393cd4a42d722d72a312fce1a6dd6924fec4e9e01',
    event_creation_number: 7,
    event_sequence_number: 12,
    block_height: 81192289,
    transaction_version: 508932327,
    is_transaction_success: true
  }
] 100
